<?xml version="1.0" encoding="UTF-8"?>
<!-- Generated by org.testng.reporters.JUnitXMLReporter -->
<testsuite ignored="0" hostname="DESKTOP-5JNDLAG" failures="4" tests="17" name="Surefire test" time="291.473" errors="0" timestamp="2024-11-13T17:01:09 IST">
  <testcase classname="io.cucumber.testng.AbstractTestNGCucumberTests" name="runScenario" time="12.073"/>
  <testcase classname="io.cucumber.testng.AbstractTestNGCucumberTests" name="runScenario" time="11.365"/>
  <testcase classname="io.cucumber.testng.AbstractTestNGCucumberTests" name="runScenario" time="26.42"/>
  <testcase classname="io.cucumber.testng.AbstractTestNGCucumberTests" name="runScenario" time="10.582"/>
  <testcase classname="io.cucumber.testng.AbstractTestNGCucumberTests" name="runScenario" time="23.312"/>
  <testcase classname="io.cucumber.testng.AbstractTestNGCucumberTests" name="runScenario" time="44.551"/>
  <testcase classname="io.cucumber.testng.AbstractTestNGCucumberTests" name="runScenario" time="39.923"/>
  <testcase classname="io.cucumber.testng.AbstractTestNGCucumberTests" name="runScenario" time="39.514"/>
  <testcase classname="io.cucumber.testng.AbstractTestNGCucumberTests" name="runScenario" time="6.889">
    <failure type="org.junit.ComparisonFailure" message="expected:&amp;lt;New User Signup![]&amp;gt; but was:&amp;lt;New User Signup![Access control systems]&amp;gt;">
      <![CDATA[org.junit.ComparisonFailure: expected:<New User Signup![]> but was:<New User Signup![Access control systems]>
at org.junit.Assert.assertEquals(Assert.java:115)
at org.junit.Assert.assertEquals(Assert.java:144)
at pages.RegisterUser.verify_singuptext(RegisterUser.java:39)
at steps.RegisterUserSteps.Verify_New_User_Signup_is_visible(RegisterUserSteps.java:40)
at ✽.Verify New User Signup! is visible(classpath:features/RegisterUser.feature:9)
]]>
    </failure>
  </testcase> <!-- runScenario -->
  <testcase classname="io.cucumber.testng.AbstractTestNGCucumberTests" name="runScenario" time="6.728">
    <failure type="org.junit.ComparisonFailure" message="expected:&amp;lt;New User Signup![]&amp;gt; but was:&amp;lt;New User Signup![Identity management solutions]&amp;gt;">
      <![CDATA[org.junit.ComparisonFailure: expected:<New User Signup![]> but was:<New User Signup![Identity management solutions]>
at org.junit.Assert.assertEquals(Assert.java:115)
at org.junit.Assert.assertEquals(Assert.java:144)
at pages.RegisterUser.verify_singuptext(RegisterUser.java:39)
at steps.RegisterUserSteps.Verify_New_User_Signup_is_visible(RegisterUserSteps.java:40)
at ✽.Verify New User Signup! is visible(classpath:features/RegisterUser.feature:30)
]]>
    </failure>
  </testcase> <!-- runScenario -->
  <testcase classname="io.cucumber.testng.AbstractTestNGCucumberTests" name="runScenario" time="13.43"/>
  <testcase classname="io.cucumber.testng.AbstractTestNGCucumberTests" name="runScenario" time="8.978">
    <failure type="org.junit.ComparisonFailure" message="expected:&amp;lt;ALL PRODUCTS[]&amp;gt; but was:&amp;lt;ALL PRODUCTS[FORMAL WEAR]&amp;gt;">
      <![CDATA[org.junit.ComparisonFailure: expected:<ALL PRODUCTS[]> but was:<ALL PRODUCTS[FORMAL WEAR]>
at org.junit.Assert.assertEquals(Assert.java:115)
at org.junit.Assert.assertEquals(Assert.java:144)
at Helpers.Predefined.assertions(Predefined.java:79)
at pages.ProductsPage.verify_all_products_text(ProductsPage.java:28)
at steps.ProductPageSteps.Verify_user_is_navigated_to_ALL_PRODUCTS_page_successfully(ProductPageSteps.java:13)
at ✽.Verify user is navigated to ALL PRODUCTS page successfully(classpath:features/SearchProduct.feature:9)
]]>
    </failure>
  </testcase> <!-- runScenario -->
  <testcase classname="io.cucumber.testng.AbstractTestNGCucumberTests" name="runScenario" time="9.604">
    <failure type="org.junit.ComparisonFailure" message="expected:&amp;lt;ALL PRODUCTS[]&amp;gt; but was:&amp;lt;ALL PRODUCTS[FLARE DRESSES]&amp;gt;">
      <![CDATA[org.junit.ComparisonFailure: expected:<ALL PRODUCTS[]> but was:<ALL PRODUCTS[FLARE DRESSES]>
at org.junit.Assert.assertEquals(Assert.java:115)
at org.junit.Assert.assertEquals(Assert.java:144)
at Helpers.Predefined.assertions(Predefined.java:79)
at pages.ProductsPage.verify_all_products_text(ProductsPage.java:28)
at steps.ProductPageSteps.Verify_user_is_navigated_to_ALL_PRODUCTS_page_successfully(ProductPageSteps.java:13)
at ✽.Verify user is navigated to ALL PRODUCTS page successfully(classpath:features/VerifyAllProductsAndProductDetailPage.feature:9)
]]>
    </failure>
  </testcase> <!-- runScenario -->
  <testcase classname="io.cucumber.testng.AbstractTestNGCucumberTests" name="runScenario" time="12.065"/>
  <testcase classname="io.cucumber.testng.AbstractTestNGCucumberTests" name="runScenario" time="6.654"/>
  <testcase classname="io.cucumber.testng.AbstractTestNGCucumberTests" name="runScenario" time="7.305"/>
  <testcase classname="io.cucumber.testng.AbstractTestNGCucumberTests" name="runScenario" time="7.639"/>
</testsuite> <!-- Surefire test -->
