<?xml version="1.0" encoding="UTF-8"?>
<testsuite xmlns:xsi="http://www.w3.org/2001/XMLSchema-instance" xsi:noNamespaceSchemaLocation="https://maven.apache.org/surefire/maven-surefire-plugin/xsd/surefire-test-report.xsd" name="Runner.Runner" time="180.615" tests="12" errors="0" skipped="0" failures="2">
  <properties>
[...]
</properties>
  <testcase name="runScenario" classname="Runner.Runner" time="12.746"/>
  <testcase name="runScenario" classname="Runner.Runner" time="9.757">
    <failure message="element click intercepted: Element &lt;input type=&quot;submit&quot; data-qa=&quot;submit-button&quot; name=&quot;submit&quot; class=&quot;btn btn-primary pull-left submit_form&quot; value=&quot;Submit&quot;&gt; is not clickable at point (237, 653). Other element would receive the click: &lt;div id=&quot;aswift_4_host&quot; style=&quot;border: none !important; height: 90px !important; width: 100% !important; margin: 0px !important; padding: 0px !important; position: relative !important; visibility: visible !important; background-color: transparent !important; display: inline-block !important; inset: auto !important; clear: none !important; float: none !important; max-height: none !important; max-width: none !important; opacity: 1 !important; overflow: visible !important; vertical-align: baseline !important; z-index: auto !important;&quot;&gt;...&lt;/div&gt;&#10;  (Session info: chrome=129.0.6668.90)&#10;Build info: version: &apos;4.22.0&apos;, revision: &apos;c5f3146703*&apos;&#10;System info: os.name: &apos;Windows 10&apos;, os.arch: &apos;amd64&apos;, os.version: &apos;10.0&apos;, java.version: &apos;17.0.9&apos;&#10;Driver info: org.openqa.selenium.chrome.ChromeDriver&#10;Command: [a31e3b8079a8df01d6f645f55b5509a5, clickElement {id=f.D9A28DAC7DD36BB81295745697286BCA.d.294876AE4E08BC60A3FC27154965694C.e.54}]&#10;Capabilities {acceptInsecureCerts: false, browserName: chrome, browserVersion: 129.0.6668.90, chrome: {chromedriverVersion: 129.0.6668.100 (cf58cba358d..., userDataDir: C:\Users\PRAKHA~1\AppData\L...}, fedcm:accounts: true, goog:chromeOptions: {debuggerAddress: localhost:61018}, networkConnectionEnabled: false, pageLoadStrategy: normal, platformName: windows, proxy: Proxy(), se:cdp: ws://localhost:61018/devtoo..., se:cdpVersion: 129.0.6668.90, setWindowRect: true, strictFileInteractability: false, timeouts: {implicit: 0, pageLoad: 300000, script: 30000}, unhandledPromptBehavior: dismiss and notify, webauthn:extension:credBlob: true, webauthn:extension:largeBlob: true, webauthn:extension:minPinLength: true, webauthn:extension:prf: true, webauthn:virtualAuthenticators: true}&#10;Element: [[ChromeDriver: chrome on windows (a31e3b8079a8df01d6f645f55b5509a5)] -&gt; xpath: //input[@data-qa=&apos;submit-button&apos;]]&#10;Session ID: a31e3b8079a8df01d6f645f55b5509a5" type="org.openqa.selenium.ElementClickInterceptedException"><![CDATA[org.openqa.selenium.ElementClickInterceptedException: 
element click intercepted: Element <input type="submit" data-qa="submit-button" name="submit" class="btn btn-primary pull-left submit_form" value="Submit"> is not clickable at point (237, 653). Other element would receive the click: <div id="aswift_4_host" style="border: none !important; height: 90px !important; width: 100% !important; margin: 0px !important; padding: 0px !important; position: relative !important; visibility: visible !important; background-color: transparent !important; display: inline-block !important; inset: auto !important; clear: none !important; float: none !important; max-height: none !important; max-width: none !important; opacity: 1 !important; overflow: visible !important; vertical-align: baseline !important; z-index: auto !important;">...</div>
  (Session info: chrome=129.0.6668.90)
Build info: version: '4.22.0', revision: 'c5f3146703*'
System info: os.name: 'Windows 10', os.arch: 'amd64', os.version: '10.0', java.version: '17.0.9'
Driver info: org.openqa.selenium.chrome.ChromeDriver
Command: [a31e3b8079a8df01d6f645f55b5509a5, clickElement {id=f.D9A28DAC7DD36BB81295745697286BCA.d.294876AE4E08BC60A3FC27154965694C.e.54}]
Capabilities {acceptInsecureCerts: false, browserName: chrome, browserVersion: 129.0.6668.90, chrome: {chromedriverVersion: 129.0.6668.100 (cf58cba358d..., userDataDir: C:\Users\PRAKHA~1\AppData\L...}, fedcm:accounts: true, goog:chromeOptions: {debuggerAddress: localhost:61018}, networkConnectionEnabled: false, pageLoadStrategy: normal, platformName: windows, proxy: Proxy(), se:cdp: ws://localhost:61018/devtoo..., se:cdpVersion: 129.0.6668.90, setWindowRect: true, strictFileInteractability: false, timeouts: {implicit: 0, pageLoad: 300000, script: 30000}, unhandledPromptBehavior: dismiss and notify, webauthn:extension:credBlob: true, webauthn:extension:largeBlob: true, webauthn:extension:minPinLength: true, webauthn:extension:prf: true, webauthn:virtualAuthenticators: true}
Element: [[ChromeDriver: chrome on windows (a31e3b8079a8df01d6f645f55b5509a5)] -> xpath: //input[@data-qa='submit-button']]
Session ID: a31e3b8079a8df01d6f645f55b5509a5
]]></failure>
    <system-out><![CDATA[------------Scenario :User fills the Contact Us form----------
20241021133808
--------------Scenario end--------------
]]></system-out>
    <system-err><![CDATA[Oct 21, 2024 1:37:59 PM org.openqa.selenium.devtools.CdpVersionFinder findNearestMatch
WARNING: Unable to find an exact match for CDP version 129, returning the closest version; found: 126; Please update to a Selenium version that supports CDP version 129
]]></system-err>
  </testcase>
  <testcase name="runScenario" classname="Runner.Runner" time="29.512"/>
  <testcase name="runScenario" classname="Runner.Runner" time="8.958"/>
  <testcase name="runScenario" classname="Runner.Runner" time="27.049"/>
  <testcase name="runScenario" classname="Runner.Runner" time="23.01"/>
  <testcase name="runScenario" classname="Runner.Runner" time="22.965"/>
  <testcase name="runScenario" classname="Runner.Runner" time="10.658"/>
  <testcase name="runScenario" classname="Runner.Runner" time="11.559">
    <failure message="expected:&lt;Brand: []Polo&gt; but was:&lt;Brand: [ ]Polo&gt;" type="org.junit.ComparisonFailure"><![CDATA[org.junit.ComparisonFailure: expected:<Brand: []Polo> but was:<Brand: [ ]Polo>
]]></failure>
    <system-out><![CDATA[------------Scenario :Verify All Products and product detail page----------
Product are visible and count is: 34
Rs. 500
Click intercepted, retrying...
20241021134021
--------------Scenario end--------------
]]></system-out>
    <system-err><![CDATA[Oct 21, 2024 1:40:11 PM org.openqa.selenium.devtools.CdpVersionFinder findNearestMatch
WARNING: Unable to find an exact match for CDP version 129, returning the closest version; found: 126; Please update to a Selenium version that supports CDP version 129
]]></system-err>
  </testcase>
  <testcase name="runScenario" classname="Runner.Runner" time="8.088"/>
  <testcase name="runScenario" classname="Runner.Runner" time="5.998"/>
  <testcase name="runScenario" classname="Runner.Runner" time="7.142"/>
</testsuite>