<?xml version="1.0" encoding="UTF-8"?>
<testng-results ignored="0" total="1" passed="1" failed="0" skipped="0">
  <reporter-output>
  </reporter-output>
  <suite started-at="2024-10-15T18:18:43 IST" name="Surefire suite" finished-at="2024-10-15T18:18:55 IST" duration-ms="11715">
    <groups>
      <group name="cucumber">
        <method signature="AbstractTestNGCucumberTests.runScenario(io.cucumber.testng.PickleWrapper,io.cucumber.testng.FeatureWrapper)[pri:0, instance:Runner.Runner@6dbb137d]" name="runScenario" class="io.cucumber.testng.AbstractTestNGCucumberTests"/>
      </group> <!-- cucumber -->
    </groups>
    <test started-at="2024-10-15T18:18:43 IST" name="Surefire test" finished-at="2024-10-15T18:18:55 IST" duration-ms="11715">
      <class name="Runner.Runner">
        <test-method is-config="true" signature="setUpClass(org.testng.ITestContext)[pri:0, instance:Runner.Runner@6dbb137d]" started-at="2024-10-15T18:18:43 IST" name="setUpClass" finished-at="2024-10-15T18:18:44 IST" duration-ms="770" status="PASS">
          <params>
            <param index="0">
              <value>
                <![CDATA[org.testng.TestRunner@5e1fc42f]]>
              </value>
            </param>
          </params>
          <reporter-output>
          </reporter-output>
        </test-method> <!-- setUpClass -->
        <test-method signature="runScenario(io.cucumber.testng.PickleWrapper,io.cucumber.testng.FeatureWrapper)[pri:0, instance:Runner.Runner@6dbb137d]" started-at="2024-10-15T18:18:44 IST" name="runScenario" description="Runs Cucumber Scenarios" data-provider="scenarios" finished-at="2024-10-15T18:18:53 IST" duration-ms="9257" status="PASS">
          <params>
            <param index="0">
              <value>
                <![CDATA["Verify All Products and product detail page"]]>
              </value>
            </param>
            <param index="1">
              <value>
                <![CDATA["Start"]]>
              </value>
            </param>
          </params>
          <reporter-output>
          </reporter-output>
        </test-method> <!-- runScenario -->
        <test-method is-config="true" signature="tearDownClass()[pri:0, instance:Runner.Runner@6dbb137d]" started-at="2024-10-15T18:18:53 IST" name="tearDownClass" finished-at="2024-10-15T18:18:55 IST" duration-ms="1625" status="PASS">
          <reporter-output>
          </reporter-output>
        </test-method> <!-- tearDownClass -->
      </class> <!-- Runner.Runner -->
    </test> <!-- Surefire test -->
  </suite> <!-- Surefire suite -->
</testng-results>
