<?xml version="1.0" encoding="UTF-8"?>
<testng-results ignored="0" total="1" passed="1" failed="0" skipped="0">
  <reporter-output>
  </reporter-output>
  <suite started-at="2024-12-27T16:17:24 IST" name="Surefire suite" finished-at="2024-12-27T16:17:38 IST" duration-ms="14057">
    <groups>
      <group name="cucumber">
        <method signature="AbstractTestNGCucumberTests.runScenario(io.cucumber.testng.PickleWrapper,io.cucumber.testng.FeatureWrapper)[pri:0, instance:Runner.Runner@6dbb137d]" name="runScenario" class="io.cucumber.testng.AbstractTestNGCucumberTests"/>
      </group> <!-- cucumber -->
    </groups>
    <test started-at="2024-12-27T16:17:24 IST" name="Surefire test" finished-at="2024-12-27T16:17:38 IST" duration-ms="14057">
      <class name="Runner.Runner">
        <test-method is-config="true" signature="setUpClass(org.testng.ITestContext)[pri:0, instance:Runner.Runner@6dbb137d]" started-at="2024-12-27T16:17:24 IST" name="setUpClass" finished-at="2024-12-27T16:17:24 IST" duration-ms="447" status="PASS">
          <params>
            <param index="0">
              <value>
                <![CDATA[org.testng.TestRunner@7bca6fac]]>
              </value>
            </param>
          </params>
          <reporter-output>
          </reporter-output>
        </test-method> <!-- setUpClass -->
        <test-method signature="runScenario(io.cucumber.testng.PickleWrapper,io.cucumber.testng.FeatureWrapper)[pri:0, instance:Runner.Runner@6dbb137d]" started-at="2024-12-27T16:17:24 IST" name="runScenario" description="Runs Cucumber Scenarios" data-provider="scenarios" finished-at="2024-12-27T16:17:38 IST" duration-ms="13528" status="PASS">
          <params>
            <param index="0">
              <value>
                <![CDATA["Verify All Products and product detail page"]]>
              </value>
            </param>
            <param index="1">
              <value>
                <![CDATA["Start"]]>
              </value>
            </param>
          </params>
          <reporter-output>
          </reporter-output>
        </test-method> <!-- runScenario -->
        <test-method is-config="true" signature="tearDownClass()[pri:0, instance:Runner.Runner@6dbb137d]" started-at="2024-12-27T16:17:38 IST" name="tearDownClass" finished-at="2024-12-27T16:17:38 IST" duration-ms="12" status="PASS">
          <reporter-output>
          </reporter-output>
        </test-method> <!-- tearDownClass -->
      </class> <!-- Runner.Runner -->
    </test> <!-- Surefire test -->
  </suite> <!-- Surefire suite -->
</testng-results>
