<?xml version="1.0" encoding="UTF-8"?>
<testng-results ignored="0" total="1" passed="1" failed="0" skipped="0">
  <reporter-output>
  </reporter-output>
  <suite started-at="2024-09-18T18:25:57 IST" name="Surefire suite" finished-at="2024-09-18T18:26:36 IST" duration-ms="39422">
    <groups>
      <group name="cucumber">
        <method signature="AbstractTestNGCucumberTests.runScenario(io.cucumber.testng.PickleWrapper,io.cucumber.testng.FeatureWrapper)[pri:0, instance:Runner.Runner@2f112965]" name="runScenario" class="io.cucumber.testng.AbstractTestNGCucumberTests"/>
      </group> <!-- cucumber -->
    </groups>
    <test started-at="2024-09-18T18:25:57 IST" name="Surefire test" finished-at="2024-09-18T18:26:36 IST" duration-ms="39422">
      <class name="Runner.Runner">
        <test-method is-config="true" signature="setUpClass(org.testng.ITestContext)[pri:0, instance:Runner.Runner@2f112965]" started-at="2024-09-18T18:25:57 IST" name="setUpClass" finished-at="2024-09-18T18:25:58 IST" duration-ms="787" status="PASS">
          <params>
            <param index="0">
              <value>
                <![CDATA[org.testng.TestRunner@a96d56c]]>
              </value>
            </param>
          </params>
          <reporter-output>
          </reporter-output>
        </test-method> <!-- setUpClass -->
        <test-method signature="runScenario(io.cucumber.testng.PickleWrapper,io.cucumber.testng.FeatureWrapper)[pri:0, instance:Runner.Runner@2f112965]" started-at="2024-09-18T18:25:58 IST" name="runScenario" description="Runs Cucumber Scenarios" data-provider="scenarios" finished-at="2024-09-18T18:26:34 IST" duration-ms="36783" status="PASS">
          <params>
            <param index="0">
              <value>
                <![CDATA["Opening the browser"]]>
              </value>
            </param>
            <param index="1">
              <value>
                <![CDATA["Start"]]>
              </value>
            </param>
          </params>
          <reporter-output>
          </reporter-output>
        </test-method> <!-- runScenario -->
        <test-method is-config="true" signature="tearDownClass()[pri:0, instance:Runner.Runner@2f112965]" started-at="2024-09-18T18:26:35 IST" name="tearDownClass" finished-at="2024-09-18T18:26:36 IST" duration-ms="1789" status="PASS">
          <reporter-output>
          </reporter-output>
        </test-method> <!-- tearDownClass -->
      </class> <!-- Runner.Runner -->
    </test> <!-- Surefire test -->
  </suite> <!-- Surefire suite -->
</testng-results>
