<?xml version="1.0" encoding="UTF-8"?>
<testsuite xmlns:xsi="http://www.w3.org/2001/XMLSchema-instance" xsi:noNamespaceSchemaLocation="https://maven.apache.org/surefire/maven-surefire-plugin/xsd/surefire-test-report.xsd" name="Runner.Runner" time="421.268" tests="16" errors="0" skipped="0" failures="1">
  <properties>
[...]
</properties>
  <testcase name="runScenario" classname="Runner.Runner" time="17.01"/>
  <testcase name="runScenario" classname="Runner.Runner" time="15.25"/>
  <testcase name="runScenario" classname="Runner.Runner" time="38.733"/>
  <testcase name="runScenario" classname="Runner.Runner" time="14.602"/>
  <testcase name="runScenario" classname="Runner.Runner" time="30.025"/>
  <testcase name="runScenario" classname="Runner.Runner" time="55.636"/>
  <testcase name="runScenario" classname="Runner.Runner" time="62.15"/>
  <testcase name="runScenario" classname="Runner.Runner" time="52.274"/>
  <testcase name="runScenario" classname="Runner.Runner" time="35.214"/>
  <testcase name="runScenario" classname="Runner.Runner" time="31.062"/>
  <testcase name="runScenario" classname="Runner.Runner" time="11.26"/>
  <testcase name="runScenario" classname="Runner.Runner" time="9.705">
    <failure message="expected:&lt;ALL PRODUCTS[]&gt; but was:&lt;ALL PRODUCTS[FORMAL WEAR]&gt;" type="org.junit.ComparisonFailure"><![CDATA[org.junit.ComparisonFailure: expected:<ALL PRODUCTS[]> but was:<ALL PRODUCTS[FORMAL WEAR]>
]]></failure>
    <system-out><![CDATA[------------Scenario :Verify All Products and product detail page----------
20241023001706
--------------Scenario end--------------
]]></system-out>
    <system-err><![CDATA[Oct 23, 2024 12:16:59 AM org.openqa.selenium.devtools.CdpVersionFinder findNearestMatch
WARNING: Unable to find an exact match for CDP version 129, returning the closest version; found: 126; Please update to a Selenium version that supports CDP version 129
]]></system-err>
  </testcase>
  <testcase name="runScenario" classname="Runner.Runner" time="16.231"/>
  <testcase name="runScenario" classname="Runner.Runner" time="11.135"/>
  <testcase name="runScenario" classname="Runner.Runner" time="7.599"/>
  <testcase name="runScenario" classname="Runner.Runner" time="9.081"/>
</testsuite>