<?xml version="1.0" encoding="UTF-8"?>
<!-- Generated by org.testng.reporters.JUnitReportReporter -->
<testsuite hostname="DESKTOP-5JNDLAG" failures="1" tests="16" name="Runner.Runner" time="416.950" errors="0" timestamp="2024-10-23T00:17:54 IST" skipped="0">
  <testcase classname="Runner.Runner" name="runScenario" time="31.062"/>
  <system-out/>
  <testcase classname="Runner.Runner" name="runScenario" time="16.233"/>
  <system-out/>
  <testcase classname="Runner.Runner" name="runScenario" time="38.732"/>
  <system-out/>
  <testcase classname="Runner.Runner" name="runScenario" time="7.599"/>
  <system-out/>
  <testcase classname="Runner.Runner" name="runScenario" time="30.024"/>
  <system-out/>
  <testcase classname="Runner.Runner" name="runScenario" time="11.135"/>
  <system-out/>
  <testcase classname="Runner.Runner" name="runScenario" time="62.149"/>
  <system-out/>
  <testcase classname="Runner.Runner" name="runScenario" time="9.080"/>
  <system-out/>
  <testcase classname="Runner.Runner" name="runScenario" time="52.273"/>
  <system-out/>
  <testcase classname="Runner.Runner" name="runScenario" time="15.252"/>
  <system-out/>
  <testcase classname="Runner.Runner" name="runScenario" time="55.635"/>
  <system-out/>
  <testcase classname="Runner.Runner" name="runScenario" time="17.008"/>
  <system-out/>
  <testcase classname="Runner.Runner" name="runScenario" time="14.601"/>
  <system-out/>
  <testcase classname="Runner.Runner" name="runScenario" time="11.260"/>
  <system-out/>
  <testcase classname="Runner.Runner" name="runScenario" time="35.214"/>
  <system-out/>
  <testcase classname="Runner.Runner" name="runScenario" time="9.693">
    <failure message="expected:&lt;ALL PRODUCTS[]&gt; but was:&lt;ALL PRODUCTS[FORMAL WEAR]&gt;" type="org.junit.ComparisonFailure">
      <![CDATA[org.junit.ComparisonFailure: expected:<ALL PRODUCTS[]> but was:<ALL PRODUCTS[FORMAL WEAR]>
at org.junit.Assert.assertEquals(Assert.java:115)
at org.junit.Assert.assertEquals(Assert.java:144)
at Helpers.Predefined.assertions(Predefined.java:79)
at pages.ProductsPage.verify_all_products_text(ProductsPage.java:28)
at steps.ProductPageSteps.Verify_user_is_navigated_to_ALL_PRODUCTS_page_successfully(ProductPageSteps.java:13)
at ✽.Verify user is navigated to ALL PRODUCTS page successfully(classpath:features/VerifyAllProductsAndProductDetailPage.feature:9)
]]>
    </failure>
  </testcase> <!-- runScenario -->
  <system-out/>
</testsuite> <!-- Runner.Runner -->
